生成启动时间为 2019/11/20 9:33:31。
     1>项目“E:\arithmetic\arithmetic_based_on_stack_and_linked_list\arithmetic_based_on_stack_and_linked_list\arithmetic_based_on_stack_and_linked_list.vcxproj”在节点 2 上(Build 个目标)。
     1>ClCompile:
         D:\Program Files (x86)\Microsoft Visual Studio 11.0\VC\bin\CL.exe /c /ZI /nologo /W3 /WX- /Od /Oy- /D WIN32 /D _DEBUG /D _CONSOLE /D _UNICODE /D UNICODE /Gm /EHsc /RTC1 /MDd /GS /fp:precise /Zc:wchar_t /Zc:forScope /Fo"Debug\\" /Fd"Debug\vc110.pdb" /Gd /TC /analyze- /errorReport:prompt calculate.c Data_Stack_link.c Linked_List.c main.c Oper_Stack_link.c
         Oper_Stack_link.c
         main.c
     1>e:\arithmetic\arithmetic_based_on_stack_and_linked_list\arithmetic_based_on_stack_and_linked_list\main.c(40): warning C4996: 'gets': This function or variable may be unsafe. Consider using gets_s instead. To disable deprecation, use _CRT_SECURE_NO_WARNINGS. See online help for details.
                 d:\program files (x86)\microsoft visual studio 11.0\vc\include\stdio.h(261) : 参见“gets”的声明
         Linked_List.c
         Data_Stack_link.c
         calculate.c
         正在生成代码...
       Link:
         D:\Program Files (x86)\Microsoft Visual Studio 11.0\VC\bin\link.exe /ERRORREPORT:PROMPT /OUT:"E:\arithmetic\arithmetic_based_on_stack_and_linked_list\Debug\arithmetic_based_on_stack_and_linked_list.exe" /INCREMENTAL /NOLOGO kernel32.lib user32.lib gdi32.lib winspool.lib comdlg32.lib advapi32.lib shell32.lib ole32.lib oleaut32.lib uuid.lib odbc32.lib odbccp32.lib /MANIFEST /MANIFESTUAC:"level='asInvoker' uiAccess='false'" /manifest:embed /DEBUG /PDB:"E:\arithmetic\arithmetic_based_on_stack_and_linked_list\Debug\arithmetic_based_on_stack_and_linked_list.pdb" /SUBSYSTEM:CONSOLE /TLBID:1 /DYNAMICBASE /NXCOMPAT /IMPLIB:"E:\arithmetic\arithmetic_based_on_stack_and_linked_list\Debug\arithmetic_based_on_stack_and_linked_list.lib" /MACHINE:X86 Debug\calculate.obj
         Debug\Data_Stack_link.obj
         Debug\Linked_List.obj
         Debug\main.obj
         Debug\Oper_Stack_link.obj
         arithmetic_based_on_stack_and_linked_list.vcxproj -> E:\arithmetic\arithmetic_based_on_stack_and_linked_list\Debug\arithmetic_based_on_stack_and_linked_list.exe
     1>已完成生成项目“E:\arithmetic\arithmetic_based_on_stack_and_linked_list\arithmetic_based_on_stack_and_linked_list\arithmetic_based_on_stack_and_linked_list.vcxproj”(Build 个目标)的操作。

生成成功。

已用时间 00:00:02.64
